#-----------------------------------------------------------
# Vivado v2021.1 (64-bit)
# SW Build 3247384 on Thu Jun 10 19:36:33 MDT 2021
# IP Build 3246043 on Fri Jun 11 00:30:35 MDT 2021
# Start of session at: Sat May  7 15:01:16 2022
# Process ID: 2468
# Current directory: V:/cpu/cpu
# Command line: vivado.exe -gui_launcher_event rodinguilauncherevent9368 V:\cpu\cpu\cpu.xpr
# Log file: V:/cpu/cpu/vivado.log
# Journal file: V:/cpu/cpu\vivado.jou
#-----------------------------------------------------------
start_gui
open_project V:/cpu/cpu/cpu.xpr
WARNING: [filemgmt 56-3] Default IP Output Path : Could not find the directory 'V:/cpu/cpu/cpu.gen/sources_1'.
Scanning sources...
Finished scanning sources
INFO: [IP_Flow 19-234] Refreshing IP repositories
INFO: [IP_Flow 19-1704] No user IP repositories specified
INFO: [IP_Flow 19-2313] Loaded Vivado IP repository 'C:/Xilinx/Vivado/2021.1/data/ip'.
open_project: Time (s): cpu = 00:00:18 ; elapsed = 00:00:07 . Memory (MB): peak = 1236.434 ; gain = 0.000
update_compile_order -fileset sources_1
open_run synth_1 -name synth_1
Design is defaulting to impl run constrset: constrs_1
Design is defaulting to synth run part: xc7z010clg400-1
INFO: [Device 21-403] Loading part xc7z010clg400-1
Netlist sorting complete. Time (s): cpu = 00:00:00 ; elapsed = 00:00:00.011 . Memory (MB): peak = 1331.020 ; gain = 0.000
INFO: [Netlist 29-17] Analyzing 12 Unisim elements for replacement
INFO: [Netlist 29-28] Unisim Transformation completed in 0 CPU seconds
INFO: [Project 1-479] Netlist was created with Vivado 2021.1
INFO: [Project 1-570] Preparing netlist for logic optimization
INFO: [Opt 31-138] Pushed 0 inverter(s) to 0 load pin(s).
Netlist sorting complete. Time (s): cpu = 00:00:00 ; elapsed = 00:00:00 . Memory (MB): peak = 1426.148 ; gain = 0.000
INFO: [Project 1-111] Unisim Transformation Summary:
No Unisim elements were transformed.

open_run: Time (s): cpu = 00:00:19 ; elapsed = 00:00:13 . Memory (MB): peak = 1569.148 ; gain = 332.715
launch_runs impl_1 -to_step write_bitstream -jobs 4
[Sat May  7 15:03:07 2022] Launched impl_1...
Run output will be captured here: V:/cpu/cpu/cpu.runs/impl_1/runme.log
open_hw_manager
reset_run impl_1 -prev_step 
launch_runs impl_1 -to_step write_bitstream -jobs 4
[Sat May  7 15:04:08 2022] Launched impl_1...
Run output will be captured here: V:/cpu/cpu/cpu.runs/impl_1/runme.log
launch_simulation
Command: launch_simulation 
INFO: [Vivado 12-12493] Simulation top is 'testbench'
INFO: [Vivado 12-5682] Launching behavioral simulation in 'V:/cpu/cpu/cpu.sim/sim_1/behav/xsim'
INFO: [SIM-utils-51] Simulation object is 'sim_1'
INFO: [SIM-utils-72] Using boost library from 'C:/Xilinx/Vivado/2021.1/tps/boost_1_72_0'
INFO: [SIM-utils-54] Inspecting design source files for 'testbench' in fileset 'sim_1'...
INFO: [USF-XSim-97] Finding global include files...
INFO: [USF-XSim-98] Fetching design files from 'sim_1'...
INFO: [USF-XSim-2] XSim::Compile design
INFO: [USF-XSim-61] Executing 'COMPILE and ANALYZE' step in 'V:/cpu/cpu/cpu.sim/sim_1/behav/xsim'
"xvlog --incr --relax -prj testbench_vlog.prj"
INFO: [VRFC 10-2263] Analyzing Verilog file "V:/cpu/cpu/cpu.srcs/sources_1/new/alu.v" into library xil_defaultlib
INFO: [VRFC 10-311] analyzing module alu
INFO: [VRFC 10-2263] Analyzing Verilog file "V:/cpu/cpu/cpu.srcs/sources_1/new/alu_mux.v" into library xil_defaultlib
INFO: [VRFC 10-311] analyzing module alu_mux
INFO: [VRFC 10-2263] Analyzing Verilog file "V:/cpu/cpu/cpu.srcs/sources_1/new/control_unit.v" into library xil_defaultlib
INFO: [VRFC 10-311] analyzing module control_unit
INFO: [VRFC 10-2263] Analyzing Verilog file "V:/cpu/cpu/cpu.srcs/sources_1/new/data_memory.v" into library xil_defaultlib
INFO: [VRFC 10-311] analyzing module data_memory
INFO: [VRFC 10-2263] Analyzing Verilog file "V:/cpu/cpu/cpu.srcs/sources_1/new/datapath.v" into library xil_defaultlib
INFO: [VRFC 10-311] analyzing module datapath
INFO: [VRFC 10-2263] Analyzing Verilog file "V:/cpu/cpu/cpu.srcs/sources_1/new/exmem_pipeline_register.v" into library xil_defaultlib
INFO: [VRFC 10-311] analyzing module exmem_pipeline_register
INFO: [VRFC 10-2263] Analyzing Verilog file "V:/cpu/cpu/cpu.srcs/sources_1/new/fwd_a_mux.v" into library xil_defaultlib
INFO: [VRFC 10-311] analyzing module fwd_a_mux
INFO: [VRFC 10-2263] Analyzing Verilog file "V:/cpu/cpu/cpu.srcs/sources_1/new/fwd_b_mux.v" into library xil_defaultlib
INFO: [VRFC 10-311] analyzing module fwd_b_mux
INFO: [VRFC 10-2263] Analyzing Verilog file "V:/cpu/cpu/cpu.srcs/sources_1/new/idexe_pipeline_register.v" into library xil_defaultlib
INFO: [VRFC 10-311] analyzing module idexe_pipeline_register
INFO: [VRFC 10-2263] Analyzing Verilog file "V:/cpu/cpu/cpu.srcs/sources_1/new/ifid_pipeline_register.v" into library xil_defaultlib
INFO: [VRFC 10-311] analyzing module ifid_pipeline_register
INFO: [VRFC 10-2263] Analyzing Verilog file "V:/cpu/cpu/cpu.srcs/sources_1/new/immediate_extender.v" into library xil_defaultlib
INFO: [VRFC 10-311] analyzing module immediate_extender
INFO: [VRFC 10-2263] Analyzing Verilog file "V:/cpu/cpu/cpu.srcs/sources_1/new/instruction_memory.v" into library xil_defaultlib
INFO: [VRFC 10-311] analyzing module instruction_memory
INFO: [VRFC 10-2263] Analyzing Verilog file "V:/cpu/cpu/cpu.srcs/sources_1/new/memwb_pipeline_register.v" into library xil_defaultlib
INFO: [VRFC 10-311] analyzing module memwb_pipeline_register
INFO: [VRFC 10-2263] Analyzing Verilog file "V:/cpu/cpu/cpu.srcs/sources_1/new/not_gate.v" into library xil_defaultlib
INFO: [VRFC 10-311] analyzing module not_gate
INFO: [VRFC 10-2263] Analyzing Verilog file "V:/cpu/cpu/cpu.srcs/sources_1/new/pc_adder.v" into library xil_defaultlib
INFO: [VRFC 10-311] analyzing module pc_adder
INFO: [VRFC 10-2263] Analyzing Verilog file "V:/cpu/cpu/cpu.srcs/sources_1/new/program_counter.v" into library xil_defaultlib
INFO: [VRFC 10-311] analyzing module program_counter
INFO: [VRFC 10-2263] Analyzing Verilog file "V:/cpu/cpu/cpu.srcs/sources_1/new/register_file.v" into library xil_defaultlib
INFO: [VRFC 10-311] analyzing module register_file
INFO: [VRFC 10-2263] Analyzing Verilog file "V:/cpu/cpu/cpu.srcs/sources_1/new/regrt_multiplexer.v" into library xil_defaultlib
INFO: [VRFC 10-311] analyzing module regrt_multiplexer
INFO: [VRFC 10-2263] Analyzing Verilog file "V:/cpu/cpu/cpu.srcs/sources_1/new/writeback_mux.v" into library xil_defaultlib
INFO: [VRFC 10-311] analyzing module writeback_mux
INFO: [VRFC 10-2263] Analyzing Verilog file "V:/cpu/cpu/cpu.srcs/sim_1/new/testbench.v" into library xil_defaultlib
INFO: [VRFC 10-311] analyzing module testbench
INFO: [USF-XSim-69] 'compile' step finished in '4' seconds
INFO: [USF-XSim-3] XSim::Elaborate design
INFO: [USF-XSim-61] Executing 'ELABORATE' step in 'V:/cpu/cpu/cpu.sim/sim_1/behav/xsim'
"xelab -wto 0c61ba697d884a8b8f9529095ae3214b --incr --debug typical --relax --mt 2 -L xil_defaultlib -L unisims_ver -L unimacro_ver -L secureip --snapshot testbench_behav xil_defaultlib.testbench xil_defaultlib.glbl -log elaborate.log"
Vivado Simulator v2021.1
Copyright 1986-1999, 2001-2021 Xilinx, Inc. All Rights Reserved.
Running: C:/Xilinx/Vivado/2021.1/bin/unwrapped/win64.o/xelab.exe -wto 0c61ba697d884a8b8f9529095ae3214b --incr --debug typical --relax --mt 2 -L xil_defaultlib -L unisims_ver -L unimacro_ver -L secureip --snapshot testbench_behav xil_defaultlib.testbench xil_defaultlib.glbl -log elaborate.log 
Using 2 slave threads.
Starting static elaboration
Pass Through NonSizing Optimizer
Completed static elaboration
Starting simulation data flow analysis
Completed simulation data flow analysis
Time Resolution for simulation is 1ps
Compiling module xil_defaultlib.not_gate
Compiling module xil_defaultlib.program_counter
Compiling module xil_defaultlib.pc_adder
Compiling module xil_defaultlib.instruction_memory
Compiling module xil_defaultlib.ifid_pipeline_register
Compiling module xil_defaultlib.control_unit
Compiling module xil_defaultlib.fwd_a_mux
Compiling module xil_defaultlib.fwd_b_mux
Compiling module xil_defaultlib.regrt_multiplexer
Compiling module xil_defaultlib.register_file
Compiling module xil_defaultlib.immediate_extender
Compiling module xil_defaultlib.idexe_pipeline_register
Compiling module xil_defaultlib.alu_mux
Compiling module xil_defaultlib.alu
Compiling module xil_defaultlib.exmem_pipeline_register
Compiling module xil_defaultlib.data_memory
Compiling module xil_defaultlib.memwb_pipeline_register
Compiling module xil_defaultlib.writeback_mux
Compiling module xil_defaultlib.datapath
Compiling module xil_defaultlib.testbench
Compiling module xil_defaultlib.glbl
Built simulation snapshot testbench_behav

****** Webtalk v2021.1 (64-bit)
  **** SW Build 3247384 on Thu Jun 10 19:36:33 MDT 2021
  **** IP Build 3246043 on Fri Jun 11 00:30:35 MDT 2021
    ** Copyright 1986-2021 Xilinx, Inc. All Rights Reserved.

source V:/cpu/cpu/cpu.sim/sim_1/behav/xsim/xsim.dir/testbench_behav/webtalk/xsim_webtalk.tcl -notrace
INFO: [Common 17-206] Exiting Webtalk at Sat May  7 15:21:11 2022...
run_program: Time (s): cpu = 00:00:01 ; elapsed = 00:00:09 . Memory (MB): peak = 2041.332 ; gain = 0.000
INFO: [USF-XSim-69] 'elaborate' step finished in '8' seconds
INFO: [USF-XSim-4] XSim::Simulate design
INFO: [USF-XSim-61] Executing 'SIMULATE' step in 'V:/cpu/cpu/cpu.sim/sim_1/behav/xsim'
INFO: [USF-XSim-98] *** Running xsim
   with args "testbench_behav -key {Behavioral:sim_1:Functional:testbench} -tclbatch {testbench.tcl} -log {simulate.log}"
INFO: [USF-XSim-8] Loading simulator feature
Time resolution is 1 ps
source testbench.tcl
# set curr_wave [current_wave_config]
# if { [string length $curr_wave] == 0 } {
#   if { [llength [get_objects]] > 0} {
#     add_wave /
#     set_property needs_save false [current_wave_config]
#   } else {
#      send_msg_id Add_Wave-1 WARNING "No top level signals found. Simulator will start without a wave window. If you want to open a wave window go to 'File->New Waveform Configuration' or type 'create_wave_config' in the TCL console."
#   }
# }
# run 1000ns
xsim: Time (s): cpu = 00:00:09 ; elapsed = 00:00:05 . Memory (MB): peak = 2067.180 ; gain = 22.953
INFO: [USF-XSim-96] XSim completed. Design snapshot 'testbench_behav' loaded.
INFO: [USF-XSim-97] XSim simulation ran for 1000ns
launch_simulation: Time (s): cpu = 00:00:11 ; elapsed = 00:00:19 . Memory (MB): peak = 2067.180 ; gain = 25.848
current_wave_config {Untitled 1}
Untitled 1
log_wave -r {/testbench/datapath/memwb_pipeline_register} 
close_sim
INFO: [Simtcl 6-16] Simulation closed
exit
INFO: [Common 17-206] Exiting Vivado at Sat May  7 15:24:12 2022...
