#-----------------------------------------------------------
# Vivado v2021.1 (64-bit)
# SW Build 3247384 on Thu Jun 10 19:36:33 MDT 2021
# IP Build 3246043 on Fri Jun 11 00:30:35 MDT 2021
# Start of session at: Sun Apr 24 15:50:07 2022
# Process ID: 1676
# Current directory: V:/cpu/cpu
# Command line: vivado.exe -gui_launcher_event rodinguilauncherevent7056 V:\cpu\cpu\cpu.xpr
# Log file: V:/cpu/cpu/vivado.log
# Journal file: V:/cpu/cpu\vivado.jou
#-----------------------------------------------------------
start_gui
open_project V:/cpu/cpu/cpu.xpr
WARNING: [filemgmt 56-3] Default IP Output Path : Could not find the directory 'V:/cpu/cpu/cpu.gen/sources_1'.
Scanning sources...
Finished scanning sources
INFO: [IP_Flow 19-234] Refreshing IP repositories
INFO: [IP_Flow 19-1704] No user IP repositories specified
INFO: [IP_Flow 19-2313] Loaded Vivado IP repository 'C:/Xilinx/Vivado/2021.1/data/ip'.
open_project: Time (s): cpu = 00:00:14 ; elapsed = 00:00:16 . Memory (MB): peak = 1188.871 ; gain = 0.000
update_compile_order -fileset sources_1
close [ open V:/cpu/cpu/cpu.srcs/sources_1/new/writeback_multiplexer.v w ]
add_files V:/cpu/cpu/cpu.srcs/sources_1/new/writeback_multiplexer.v
